<?xml version="1.0" encoding="utf-8"?><testsuites name="pytest tests"><testsuite name="pytest" errors="0" failures="1" skipped="0" tests="10" time="4.948" timestamp="2025-07-20T11:30:18.881377+03:00" hostname="h-MacBook-Air-sl-hmd.local"><testcase classname="tests.test_delete.Test_Delete" name="test_delete_prediction" file="tests/test_delete.py" line="36" time="1.311" /><testcase classname="tests.test_delete.Test_Delete" name="test_detete_not_found" file="tests/test_delete.py" line="30" time="0.005" /><testcase classname="tests.test_labels.Test_labels" name="test_labels_after_prediction" file="tests/test_labels.py" line="35" time="1.193" /><testcase classname="tests.test_prediction.Test_Stats" name="test_prediction_unauthorized" file="tests/test_prediction.py" line="35" time="0.131"><failure message="AssertionError: 200 != 401">self = &lt;tests.test_prediction.Test_Stats testMethod=test_prediction_unauthorized&gt;

    def test_prediction_unauthorized(self):
        response = self.client.post(
            "/predict",
            files={"file": ("test.jpg", self.image_bytes, "image/jpeg")}
        )
&gt;       self.assertEqual(response.status_code, 401)
E       AssertionError: 200 != 401

tests/test_prediction.py:41: AssertionError</failure></testcase><testcase classname="tests.test_prediction.Test_Stats" name="test_prediction_unsupported_format" file="tests/test_prediction.py" line="26" time="0.006" /><testcase classname="tests.test_prediction_count.Test_Count" name="test_prediction_count_after_prediction" file="tests/test_prediction_count.py" line="34" time="0.087" /><testcase classname="tests.test_prediction_count.Test_Count" name="test_prediction_count_empty" file="tests/test_prediction_count.py" line="25" time="0.005" /><testcase classname="tests.test_prediction_time.TestProcessingTime" name="test_predict_includes_processing_time" file="tests/test_prediction_time.py" line="18" time="0.080" /><testcase classname="tests.test_stats.Test_Stats" name="test_stats_after_prediction" file="tests/test_stats.py" line="30" time="0.084" /><testcase classname="tests.test_stats.Test_Stats" name="test_stats_empty" file="tests/test_stats.py" line="22" time="0.004" /></testsuite></testsuites>