{"uid":"4798a2b6898a7805","name":"test_predict_includes_processing_time","fullName":"tests.test_prediction_time.TestProcessingTime#test_predict_includes_processing_time","historyId":"58b84ec15a9262d30585a8c2eb619ef3","time":{"start":1756973020132,"stop":1756973020263,"duration":131},"description":"Test that the predict endpoint returns processing time","descriptionHtml":"<p>Test that the predict endpoint returns processing time</p>\n","status":"failed","statusMessage":"AssertionError: 500 != 200","statusTrace":"self = <tests.test_prediction_time.TestProcessingTime testMethod=test_predict_includes_processing_time>\nmock_auth = <MagicMock name='require_auth' id='140244133609696'>\n\n    @patch(\"app.require_auth\", return_value=\"1\")\n    def test_predict_includes_processing_time(self, mock_auth):\n        \"\"\"Test that the predict endpoint returns processing time\"\"\"\n    \n        response = self.client.post(\n            \"/predict\",\n            headers=self.auth_headers,\n            files={\"file\": (\"test.jpg\", self.image_bytes, \"image/jpeg\")}\n        )\n    \n        # Check response\n>       self.assertEqual(response.status_code, 200)\nE       AssertionError: 500 != 200\n\ntests/test_prediction_time.py:30: AssertionError","flaky":false,"newFailed":false,"newBroken":false,"newPassed":false,"retriesCount":0,"retriesStatusChange":false,"beforeStages":[{"name":"_unittest_setUpClass_fixture_TestProcessingTime","time":{"start":1756973020132,"stop":1756973020132,"duration":0},"status":"passed","steps":[],"attachments":[],"parameters":[],"stepsCount":0,"shouldDisplayMessage":false,"attachmentsCount":0,"hasContent":false,"attachmentStep":false}],"testStage":{"description":"Test that the predict endpoint returns processing time","status":"failed","statusMessage":"AssertionError: 500 != 200","statusTrace":"self = <tests.test_prediction_time.TestProcessingTime testMethod=test_predict_includes_processing_time>\nmock_auth = <MagicMock name='require_auth' id='140244133609696'>\n\n    @patch(\"app.require_auth\", return_value=\"1\")\n    def test_predict_includes_processing_time(self, mock_auth):\n        \"\"\"Test that the predict endpoint returns processing time\"\"\"\n    \n        response = self.client.post(\n            \"/predict\",\n            headers=self.auth_headers,\n            files={\"file\": (\"test.jpg\", self.image_bytes, \"image/jpeg\")}\n        )\n    \n        # Check response\n>       self.assertEqual(response.status_code, 200)\nE       AssertionError: 500 != 200\n\ntests/test_prediction_time.py:30: AssertionError","steps":[],"attachments":[{"uid":"f889445ab0058f5e","name":"stdout","source":"f889445ab0058f5e.txt","type":"text/plain","size":339}],"parameters":[],"stepsCount":0,"shouldDisplayMessage":true,"attachmentsCount":1,"hasContent":true,"attachmentStep":false},"afterStages":[{"name":"_unittest_setUpClass_fixture_TestProcessingTime::0","time":{"start":1756973020267,"stop":1756973020267,"duration":0},"status":"passed","steps":[],"attachments":[],"parameters":[],"stepsCount":0,"shouldDisplayMessage":false,"attachmentsCount":0,"hasContent":false,"attachmentStep":false}],"labels":[{"name":"parentSuite","value":"tests"},{"name":"suite","value":"test_prediction_time"},{"name":"subSuite","value":"TestProcessingTime"},{"name":"host","value":"pkrvm7jw40e0xgp"},{"name":"thread","value":"2181-MainThread"},{"name":"framework","value":"pytest"},{"name":"language","value":"cpython3"},{"name":"package","value":"tests.test_prediction_time"},{"name":"resultFormat","value":"allure2"}],"parameters":[],"links":[],"hidden":false,"retry":false,"extra":{"severity":"normal","retries":[],"categories":[{"name":"Product defects","matchedStatuses":[],"flaky":false}],"tags":[]},"source":"4798a2b6898a7805.json","parameterValues":[]}