{"uid":"dc8345a6968a98","name":"test_predict_includes_processing_time","fullName":"tests.test_prediction_time.TestProcessingTime#test_predict_includes_processing_time","historyId":"58b84ec15a9262d30585a8c2eb619ef3","time":{"start":1756973586400,"stop":1756973586543,"duration":143},"description":"Test that the predict endpoint returns processing time","descriptionHtml":"<p>Test that the predict endpoint returns processing time</p>\n","status":"failed","statusMessage":"AssertionError: 500 != 200","statusTrace":"self = <tests.test_prediction_time.TestProcessingTime testMethod=test_predict_includes_processing_time>\nmock_auth = <MagicMock name='require_auth' id='139735524983392'>\n\n    @patch(\"app.require_auth\", return_value=\"1\")\n    def test_predict_includes_processing_time(self, mock_auth):\n        \"\"\"Test that the predict endpoint returns processing time\"\"\"\n    \n        response = self.client.post(\n            \"/predict\",\n            headers=self.auth_headers,\n            files={\"file\": (\"test.jpg\", self.image_bytes, \"image/jpeg\")}\n        )\n    \n        # Check response\n>       self.assertEqual(response.status_code, 200)\nE       AssertionError: 500 != 200\n\ntests/test_prediction_time.py:30: AssertionError","flaky":false,"newFailed":false,"newBroken":false,"newPassed":false,"retriesCount":0,"retriesStatusChange":false,"beforeStages":[{"name":"_unittest_setUpClass_fixture_TestProcessingTime","time":{"start":1756973586399,"stop":1756973586399,"duration":0},"status":"passed","steps":[],"attachments":[],"parameters":[],"stepsCount":0,"shouldDisplayMessage":false,"attachmentsCount":0,"hasContent":false,"attachmentStep":false}],"testStage":{"description":"Test that the predict endpoint returns processing time","status":"failed","statusMessage":"AssertionError: 500 != 200","statusTrace":"self = <tests.test_prediction_time.TestProcessingTime testMethod=test_predict_includes_processing_time>\nmock_auth = <MagicMock name='require_auth' id='139735524983392'>\n\n    @patch(\"app.require_auth\", return_value=\"1\")\n    def test_predict_includes_processing_time(self, mock_auth):\n        \"\"\"Test that the predict endpoint returns processing time\"\"\"\n    \n        response = self.client.post(\n            \"/predict\",\n            headers=self.auth_headers,\n            files={\"file\": (\"test.jpg\", self.image_bytes, \"image/jpeg\")}\n        )\n    \n        # Check response\n>       self.assertEqual(response.status_code, 200)\nE       AssertionError: 500 != 200\n\ntests/test_prediction_time.py:30: AssertionError","steps":[],"attachments":[{"uid":"34003d4e2297de10","name":"stdout","source":"34003d4e2297de10.txt","type":"text/plain","size":341}],"parameters":[],"stepsCount":0,"shouldDisplayMessage":true,"attachmentsCount":1,"hasContent":true,"attachmentStep":false},"afterStages":[{"name":"_unittest_setUpClass_fixture_TestProcessingTime::0","time":{"start":1756973586546,"stop":1756973586546,"duration":0},"status":"passed","steps":[],"attachments":[],"parameters":[],"stepsCount":0,"shouldDisplayMessage":false,"attachmentsCount":0,"hasContent":false,"attachmentStep":false}],"labels":[{"name":"parentSuite","value":"tests"},{"name":"suite","value":"test_prediction_time"},{"name":"subSuite","value":"TestProcessingTime"},{"name":"host","value":"pkrvm7jw40e0xgp"},{"name":"thread","value":"2185-MainThread"},{"name":"framework","value":"pytest"},{"name":"language","value":"cpython3"},{"name":"package","value":"tests.test_prediction_time"},{"name":"resultFormat","value":"allure2"}],"parameters":[],"links":[],"hidden":false,"retry":false,"extra":{"severity":"normal","retries":[],"categories":[{"name":"Product defects","matchedStatuses":[],"flaky":false}],"tags":[]},"source":"dc8345a6968a98.json","parameterValues":[]}